<?xml version="1.0" encoding="UTF-8"?>
<!-- Generated by org.testng.reporters.JUnitReportReporter -->
<testsuite hostname="LAPTOP-02171SP5" failures="0" tests="4" name="TestPriority" time="0.014" errors="0" timestamp="2021-07-13T14:31:39 IST" skipped="0">
  <testcase classname="TestPriority" name="C_method" time="0.004"/>
  <system-out/>
  <testcase classname="TestPriority" name="D_method" time="0.006"/>
  <system-out/>
  <testcase classname="TestPriority" name="B_method" time="0.003"/>
  <system-out/>
  <testcase classname="TestPriority" name="A_method" time="0.001"/>
  <system-out/>
</testsuite> <!-- TestPriority -->
