<?xml version="1.0" encoding="UTF-8"?>
<!-- Generated by org.testng.reporters.JUnitReportReporter -->
<testsuite hostname="LAPTOP-02171SP5" failures="0" tests="2" name="ParallelTests" time="5.539" errors="0" timestamp="2021-07-13T16:47:17 IST" skipped="0">
  <testcase classname="ParallelTests" name="LaunchChrome" time="5.279"/>
  <system-out/>
  <testcase classname="ParallelTests" name="TryFacebook1" time="0.260"/>
  <system-out/>
</testsuite> <!-- ParallelTests -->
